<?xml version="1.0" encoding="UTF-8"?>
<!-- Generated by org.testng.reporters.JUnitXMLReporter -->
<testsuite hostname="pcz-EE209022" ignored="0" name="Surefire test" tests="66" failures="0" timestamp="31 Jan 2020 09:02:02 GMT" time="7.293" errors="0">
  <testcase name="logoutTest" time="0.586" classname="com.ring.controller.test.AppCoreControllerTest"/>
  <testcase name="registerClientTest1" time="0.005" classname="com.ring.controller.test.AppCoreControllerTest"/>
  <testcase name="screenDetailsTest1" time="0.006" classname="com.ring.controller.test.AppCoreControllerTest"/>
  <testcase name="recoverAccountHandlerTest1" time="0.554" classname="com.ring.controller.test.RecoverAccountControllerTest"/>
  <testcase name="resetCredentialsHandlerTest" time="0.006" classname="com.ring.controller.test.RecoverAccountControllerTest"/>
  <testcase name="loginUsingSocialNetworkTest1" time="0.005" classname="com.ring.controller.test.SocialLoginControllerTest"/>
  <testcase name="loginUsingSocialNetworkTest2" time="0.004" classname="com.ring.controller.test.SocialLoginControllerTest"/>
  <testcase name="getUserInfoTest1" time="0.517" classname="com.ring.controller.test.UserControllerTest"/>
  <testcase name="registerUserTest1" time="0.002" classname="com.ring.controller.test.UserControllerTest"/>
  <testcase name="updateUserInfoTest1" time="0.001" classname="com.ring.controller.test.UserControllerTest"/>
  <testcase name="addVehicleTest1" time="0.581" classname="com.ring.controller.test.VehicleControllerTest"/>
  <testcase name="deleteVehicleTest1" time="0.001" classname="com.ring.controller.test.VehicleControllerTest"/>
  <testcase name="editPressureSettingsTest" time="0.001" classname="com.ring.controller.test.VehicleControllerTest"/>
  <testcase name="editVehicleTest" time="0.001" classname="com.ring.controller.test.VehicleControllerTest"/>
  <testcase name="getVehicleListTest1" time="0.001" classname="com.ring.controller.test.VehicleControllerTest"/>
  <testcase name="getVehicleTest1" time="0.002" classname="com.ring.controller.test.VehicleControllerTest"/>
  <testcase name="updateDefaultstatusTest" time="0.002" classname="com.ring.controller.test.VehicleControllerTest"/>
  <testcase name="getUserTest1" time="0.074" classname="com.ring.dao.test.LoginDaoImplTest"/>
  <testcase name="getDataBasedOnTokenTest1" time="0.004" classname="com.ring.dao.test.RecoverAccountDaoTest"/>
  <testcase name="getUserInfoFromDbTest1" time="0.003" classname="com.ring.dao.test.RecoverAccountDaoTest"/>
  <testcase name="persistTokenInDbTest1" time="0.046" classname="com.ring.dao.test.RecoverAccountDaoTest"/>
  <testcase name="resetPasswordTest1" time="0.001" classname="com.ring.dao.test.RecoverAccountDaoTest"/>
  <testcase name="registerSocialUserTest1" time="0.004" classname="com.ring.dao.test.SocialLoginDaoTest"/>
  <testcase name="registerSocialUserTest2" time="0.0" classname="com.ring.dao.test.SocialLoginDaoTest"/>
  <testcase name="getLatestPressureDataTest1" time="0.011" classname="com.ring.dao.test.TyrePressureDaoImplTest"/>
  <testcase name="getTyrePressureDataTest1" time="0.013" classname="com.ring.dao.test.TyrePressureDaoImplTest"/>
  <testcase name="getUserInfoTest" time="0.035" classname="com.ring.dao.test.UserDaoImplTest"/>
  <testcase name="registerClientTest1" time="0.001" classname="com.ring.dao.test.UserDaoImplTest"/>
  <testcase name="registerUserTest1" time="0.049" classname="com.ring.dao.test.UserDaoImplTest"/>
  <testcase name="registerUserTest2" time="0.02" classname="com.ring.dao.test.UserDaoImplTest"/>
  <testcase name="updateInfoTest1" time="0.002" classname="com.ring.dao.test.UserDaoImplTest"/>
  <testcase name="addVehicleTest1" time="0.135" classname="com.ring.dao.test.VehicleDaoImplTest"/>
  <testcase name="addVehicleTest2" time="0.01" classname="com.ring.dao.test.VehicleDaoImplTest"/>
  <testcase name="editVehicleTest" time="0.026" classname="com.ring.dao.test.VehicleDaoImplTest"/>
  <testcase name="getVehicleListTest1" time="0.002" classname="com.ring.dao.test.VehicleDaoImplTest"/>
  <testcase name="getVehicleTest1" time="0.001" classname="com.ring.dao.test.VehicleDaoImplTest"/>
  <testcase name="validateAccessTokenTest1" time="0.002" classname="com.ring.service.test.FacebookServiceProviderTest"/>
  <testcase name="validateAccessTokenTest2" time="0.002" classname="com.ring.service.test.FacebookServiceProviderTest"/>
  <testcase name="loadUserByUsernameTest1" time="0.006" classname="com.ring.service.test.LoginServiceImplTest"/>
  <testcase name="loadUserByUsernameTest2" time="0.003" classname="com.ring.service.test.LoginServiceImplTest"/>
  <testcase name="getNextScreeninfoTest2" time="0.046" classname="com.ring.service.test.NextScreenInfoTest"/>
  <testcase name="getNextScreeninfoTest3" time="0.001" classname="com.ring.service.test.NextScreenInfoTest"/>
  <testcase name="getNextScreeninfoTest4" time="0.001" classname="com.ring.service.test.NextScreenInfoTest"/>
  <testcase name="getNextScreeninfoTest5" time="0.001" classname="com.ring.service.test.NextScreenInfoTest"/>
  <testcase name="resetCredentialsTest1" time="0.027" classname="com.ring.service.test.RecoverAccountServiceImplTest"/>
  <testcase name="resetCredentialsTest2" time="0.001" classname="com.ring.service.test.RecoverAccountServiceImplTest"/>
  <testcase name="resetCredentialsTest3" time="0.002" classname="com.ring.service.test.RecoverAccountServiceImplTest"/>
  <testcase name="sendMailTest1" time="0.007" classname="com.ring.service.test.RecoverAccountServiceImplTest"/>
  <testcase name="sendMailTest2" time="0.001" classname="com.ring.service.test.RecoverAccountServiceImplTest"/>
  <testcase name="loginUsingFacebookTest1" time="0.002" classname="com.ring.service.test.SocialLoginServiceImplementationTest"/>
  <testcase name="loginUsingFacebookTest2" time="0.0" classname="com.ring.service.test.SocialLoginServiceImplementationTest"/>
  <testcase name="getLatestPressureDataTest1" time="0.004" classname="com.ring.service.test.TyrePressureServiceImplTest"/>
  <testcase name="getTyrePressureDataTest1" time="0.003" classname="com.ring.service.test.TyrePressureServiceImplTest"/>
  <testcase name="getQuatersTest" time="0.001" classname="com.ring.service.test.UserServiceImplTest"/>
  <testcase name="getUserInfoTest1" time="0.0" classname="com.ring.service.test.UserServiceImplTest"/>
  <testcase name="getUserInfoTest2" time="0.0" classname="com.ring.service.test.UserServiceImplTest"/>
  <testcase name="registerClientTest1" time="0.0" classname="com.ring.service.test.UserServiceImplTest"/>
  <testcase name="registerUserTest1" time="0.0" classname="com.ring.service.test.UserServiceImplTest"/>
  <testcase name="registerUserTest2" time="0.0" classname="com.ring.service.test.UserServiceImplTest"/>
  <testcase name="updateInfoTest1" time="0.0" classname="com.ring.service.test.UserServiceImplTest"/>
  <testcase name="updateInfoTest2" time="0.0" classname="com.ring.service.test.UserServiceImplTest"/>
  <testcase name="addVehicleTest1" time="0.001" classname="com.ring.service.test.VehicleServiceImplTest"/>
  <testcase name="addVehicleTest2" time="0.001" classname="com.ring.service.test.VehicleServiceImplTest"/>
  <testcase name="deleteVehicle" time="0.0" classname="com.ring.service.test.VehicleServiceImplTest"/>
  <testcase name="getVehicle" time="0.001" classname="com.ring.service.test.VehicleServiceImplTest"/>
  <testcase name="getVehicleListTest1" time="0.0" classname="com.ring.service.test.VehicleServiceImplTest"/>
</testsuite> <!-- Surefire test -->
