<?xml version="1.0" encoding="UTF-8"?>
<testsuite name="TestSuite" time="2.818" tests="66" errors="0" skipped="0" failures="0">
  <properties>
[...]
</properties>
  <testcase name="logoutTest" classname="com.ring.controller.test.AppCoreControllerTest" time="0.586"/>
  <testcase name="registerClientTest1" classname="com.ring.controller.test.AppCoreControllerTest" time="0.005"/>
  <testcase name="screenDetailsTest1" classname="com.ring.controller.test.AppCoreControllerTest" time="0.006"/>
  <testcase name="recoverAccountHandlerTest1" classname="com.ring.controller.test.RecoverAccountControllerTest" time="0.553"/>
  <testcase name="resetCredentialsHandlerTest" classname="com.ring.controller.test.RecoverAccountControllerTest" time="0.005"/>
  <testcase name="loginUsingSocialNetworkTest1" classname="com.ring.controller.test.SocialLoginControllerTest" time="0.005"/>
  <testcase name="loginUsingSocialNetworkTest2" classname="com.ring.controller.test.SocialLoginControllerTest" time="0.005"/>
  <testcase name="getUserInfoTest1" classname="com.ring.controller.test.UserControllerTest" time="0.517"/>
  <testcase name="registerUserTest1" classname="com.ring.controller.test.UserControllerTest" time="0.003"/>
  <testcase name="updateUserInfoTest1" classname="com.ring.controller.test.UserControllerTest" time="0.001"/>
  <testcase name="addVehicleTest1" classname="com.ring.controller.test.VehicleControllerTest" time="0.58"/>
  <testcase name="deleteVehicleTest1" classname="com.ring.controller.test.VehicleControllerTest" time="0.001"/>
  <testcase name="editPressureSettingsTest" classname="com.ring.controller.test.VehicleControllerTest" time="0.001"/>
  <testcase name="editVehicleTest" classname="com.ring.controller.test.VehicleControllerTest" time="0.002"/>
  <testcase name="getVehicleListTest1" classname="com.ring.controller.test.VehicleControllerTest" time="0.002"/>
  <testcase name="getVehicleTest1" classname="com.ring.controller.test.VehicleControllerTest" time="0.001"/>
  <testcase name="updateDefaultstatusTest" classname="com.ring.controller.test.VehicleControllerTest" time="0.001"/>
  <testcase name="getUserTest1" classname="com.ring.dao.test.LoginDaoImplTest" time="0.075"/>
  <testcase name="getDataBasedOnTokenTest1" classname="com.ring.dao.test.RecoverAccountDaoTest" time="0.004"/>
  <testcase name="getUserInfoFromDbTest1" classname="com.ring.dao.test.RecoverAccountDaoTest" time="0.003"/>
  <testcase name="persistTokenInDbTest1" classname="com.ring.dao.test.RecoverAccountDaoTest" time="0.046"/>
  <testcase name="resetPasswordTest1" classname="com.ring.dao.test.RecoverAccountDaoTest" time="0"/>
  <testcase name="registerSocialUserTest1" classname="com.ring.dao.test.SocialLoginDaoTest" time="0.004"/>
  <testcase name="registerSocialUserTest2" classname="com.ring.dao.test.SocialLoginDaoTest" time="0.001"/>
  <testcase name="getLatestPressureDataTest1" classname="com.ring.dao.test.TyrePressureDaoImplTest" time="0.011"/>
  <testcase name="getTyrePressureDataTest1" classname="com.ring.dao.test.TyrePressureDaoImplTest" time="0.012"/>
  <testcase name="getUserInfoTest" classname="com.ring.dao.test.UserDaoImplTest" time="0.034"/>
  <testcase name="registerClientTest1" classname="com.ring.dao.test.UserDaoImplTest" time="0.001"/>
  <testcase name="registerUserTest1" classname="com.ring.dao.test.UserDaoImplTest" time="0.048"/>
  <testcase name="registerUserTest2" classname="com.ring.dao.test.UserDaoImplTest" time="0.02"/>
  <testcase name="updateInfoTest1" classname="com.ring.dao.test.UserDaoImplTest" time="0.001"/>
  <testcase name="addVehicleTest1" classname="com.ring.dao.test.VehicleDaoImplTest" time="0.135"/>
  <testcase name="addVehicleTest2" classname="com.ring.dao.test.VehicleDaoImplTest" time="0.01"/>
  <testcase name="editVehicleTest" classname="com.ring.dao.test.VehicleDaoImplTest" time="0.025"/>
  <testcase name="getVehicleListTest1" classname="com.ring.dao.test.VehicleDaoImplTest" time="0.001"/>
  <testcase name="getVehicleTest1" classname="com.ring.dao.test.VehicleDaoImplTest" time="0.002"/>
  <testcase name="validateAccessTokenTest1" classname="com.ring.service.test.FacebookServiceProviderTest" time="0.002"/>
  <testcase name="validateAccessTokenTest2" classname="com.ring.service.test.FacebookServiceProviderTest" time="0.002"/>
  <testcase name="loadUserByUsernameTest1" classname="com.ring.service.test.LoginServiceImplTest" time="0.006"/>
  <testcase name="loadUserByUsernameTest2" classname="com.ring.service.test.LoginServiceImplTest" time="0.004"/>
  <testcase name="getNextScreeninfoTest2" classname="com.ring.service.test.NextScreenInfoTest" time="0.047"/>
  <testcase name="getNextScreeninfoTest3" classname="com.ring.service.test.NextScreenInfoTest" time="0.001"/>
  <testcase name="getNextScreeninfoTest4" classname="com.ring.service.test.NextScreenInfoTest" time="0"/>
  <testcase name="getNextScreeninfoTest5" classname="com.ring.service.test.NextScreenInfoTest" time="0.001"/>
  <testcase name="resetCredentialsTest1" classname="com.ring.service.test.RecoverAccountServiceImplTest" time="0.026"/>
  <testcase name="resetCredentialsTest2" classname="com.ring.service.test.RecoverAccountServiceImplTest" time="0.001"/>
  <testcase name="resetCredentialsTest3" classname="com.ring.service.test.RecoverAccountServiceImplTest" time="0.003"/>
  <testcase name="sendMailTest1" classname="com.ring.service.test.RecoverAccountServiceImplTest" time="0.007"/>
  <testcase name="sendMailTest2" classname="com.ring.service.test.RecoverAccountServiceImplTest" time="0.001"/>
  <testcase name="loginUsingFacebookTest1" classname="com.ring.service.test.SocialLoginServiceImplementationTest" time="0.002"/>
  <testcase name="loginUsingFacebookTest2" classname="com.ring.service.test.SocialLoginServiceImplementationTest" time="0"/>
  <testcase name="getLatestPressureDataTest1" classname="com.ring.service.test.TyrePressureServiceImplTest" time="0.004"/>
  <testcase name="getTyrePressureDataTest1" classname="com.ring.service.test.TyrePressureServiceImplTest" time="0.003"/>
  <testcase name="getQuatersTest" classname="com.ring.service.test.UserServiceImplTest" time="0"/>
  <testcase name="getUserInfoTest1" classname="com.ring.service.test.UserServiceImplTest" time="0"/>
  <testcase name="getUserInfoTest2" classname="com.ring.service.test.UserServiceImplTest" time="0"/>
  <testcase name="registerClientTest1" classname="com.ring.service.test.UserServiceImplTest" time="0"/>
  <testcase name="registerUserTest1" classname="com.ring.service.test.UserServiceImplTest" time="0"/>
  <testcase name="registerUserTest2" classname="com.ring.service.test.UserServiceImplTest" time="0"/>
  <testcase name="updateInfoTest1" classname="com.ring.service.test.UserServiceImplTest" time="0"/>
  <testcase name="updateInfoTest2" classname="com.ring.service.test.UserServiceImplTest" time="0"/>
  <testcase name="addVehicleTest1" classname="com.ring.service.test.VehicleServiceImplTest" time="0.001"/>
  <testcase name="addVehicleTest2" classname="com.ring.service.test.VehicleServiceImplTest" time="0"/>
  <testcase name="deleteVehicle" classname="com.ring.service.test.VehicleServiceImplTest" time="0"/>
  <testcase name="getVehicle" classname="com.ring.service.test.VehicleServiceImplTest" time="0"/>
  <testcase name="getVehicleListTest1" classname="com.ring.service.test.VehicleServiceImplTest" time="0"/>
</testsuite>